▲ Next.js 16.2.3 (Turbopack)
- Local:         http://127.0.0.1:3000
- Network:       http://127.0.0.1:3000
✓ Ready in 244ms

 GET / 200 in 1314ms (next.js: 1178ms, application-code: 137ms)
 GET / 200 in 39ms (next.js: 7ms, application-code: 32ms)
▲ Next.js 16.2.3 (Turbopack)
- Local:         http://127.0.0.1:3000
- Network:       http://127.0.0.1:3000
✓ Ready in 249ms

 GET / 200 in 409ms (next.js: 252ms, application-code: 156ms)
▲ Next.js 16.2.3 (Turbopack)
- Local:         http://127.0.0.1:3000
- Network:       http://127.0.0.1:3000
✓ Ready in 248ms

 GET / 200 in 406ms (next.js: 247ms, application-code: 159ms)
 GET / 200 in 34ms (next.js: 5ms, application-code: 29ms)
[browser] A tree hydrated but some attributes of the server rendered HTML didn't match the client properties. This won't be patched up. This can happen if a SSR-ed Client Component used:

- A server/client branch `if (typeof window !== 'undefined')`.
- Variable input such as `Date.now()` or `Math.random()` which changes each time it's called.
- Date formatting in a user's locale which doesn't match the server.
- External changing data without sending a snapshot of it along with the HTML.
- Invalid HTML tag nesting.

It can also happen if the client has a browser extension installed which messes with the HTML before React loaded.

https://react.dev/link/hydration-mismatch

  ...
    <HotReload globalError={[...]} webSocket={WebSocket} staticIndicatorState={{pathname:null, ...}}>
      <AppDevOverlayErrorBoundary globalError={[...]}>
        <ReplaySsrOnlyErrors>
        <DevRootHTTPAccessFallbackBoundary>
          <HTTPAccessFallbackBoundary notFound={<NotAllowedRootHTTPFallbackError>}>
            <HTTPAccessFallbackErrorBoundary pathname="/" notFound={<NotAllowedRootHTTPFallbackError>} ...>
              <RedirectBoundary>
                <RedirectErrorBoundary router={{...}}>
                  <Head>
                  <__next_root_layout_boundary__>
                    <SegmentViewNode type="layout" pagePath="layout.tsx">
                      <SegmentTrieNode>
                      <link>
                      <script>
                      <script>
                      <script>
                      <RootLayout>
                        <html
                          lang="en"
-                         suppresshydrationwarning="true"
-                         data-lt-installed="true"
                        >
                  ...
 
